<?xml version="1.0" encoding="UTF-8"?>
<!-- Generated by org.testng.reporters.JUnitReportReporter -->
<testsuite hostname="DESKTOP-5BKKI8L" failures="0" tests="2" name="com.allianz.test.LoginTest" time="29.678" errors="0" timestamp="2024-04-22T04:45:03 PDT" skipped="0">
  <testcase classname="com.allianz.test.LoginTest" name="validLoginTest" time="19.798"/>
  <testcase classname="com.allianz.test.LoginTest" name="invalidLoginTest" time="9.880"/>
</testsuite> <!-- com.allianz.test.LoginTest -->
