<?xml version="1.0" encoding="UTF-8"?>
<!-- Generated by org.testng.reporters.JUnitReportReporter -->
<testsuite hostname="DESKTOP-5BKKI8L" failures="0" tests="1" name="com.allianz.test.AddEmployeeTest" time="23.641" errors="0" timestamp="2024-05-03T00:41:40 PDT" skipped="0">
  <testcase classname="com.allianz.test.AddEmployeeTest" name="uploadeInvalidDisplayPictureTest" time="23.641"/>
</testsuite> <!-- com.allianz.test.AddEmployeeTest -->
