<?xml version="1.0" encoding="UTF-8"?>
<!-- Generated by org.testng.reporters.JUnitReportReporter -->
<testsuite hostname="DESKTOP-5BKKI8L" failures="0" tests="2" name="com.allianz.test.LoginUITest" time="0.019" errors="0" timestamp="2024-04-02T00:13:20 PDT" skipped="0">
  <testcase classname="com.allianz.test.LoginUITest" name="titleTest" time="0.014"/>
  <testcase classname="com.allianz.test.LoginUITest" name="applicationDescriptionTest" time="0.005"/>
</testsuite> <!-- com.allianz.test.LoginUITest -->
