<?xml version="1.0" encoding="UTF-8"?>
<!-- Generated by org.testng.reporters.JUnitReportReporter -->
<testsuite hostname="DESKTOP-5BKKI8L" failures="0" tests="2" name="com.allianz.test.LoginUITest" time="22.105" errors="0" timestamp="2024-04-22T01:56:07 PDT" skipped="0">
  <testcase classname="com.allianz.test.LoginUITest" name="titleTest" time="11.636"/>
  <testcase classname="com.allianz.test.LoginUITest" name="applicationDescriptionTest" time="10.469"/>
</testsuite> <!-- com.allianz.test.LoginUITest -->
