<?xml version="1.0" encoding="UTF-8"?>
<!-- Generated by org.testng.reporters.JUnitReportReporter -->
<testsuite hostname="DESKTOP-5BKKI8L" failures="0" tests="1" name="com.allianz.test.LoginTest" time="13.257" errors="0" timestamp="2024-05-03T00:33:09 PDT" skipped="0">
  <testcase classname="com.allianz.test.LoginTest" name="validLoginTest" time="13.257"/>
</testsuite> <!-- com.allianz.test.LoginTest -->
